Determining if the pthread_create exist failed with the following output:
Change Dir: /home/afaf/projectC/build/CMakeFiles/CMakeTmp

Run Build Command:"/usr/bin/make" "cmTC_08708/fast"
make[1]: Entering directory '/home/afaf/projectC/build/CMakeFiles/CMakeTmp'
/usr/bin/make -f CMakeFiles/cmTC_08708.dir/build.make CMakeFiles/cmTC_08708.dir/build
make[2]: Entering directory '/home/afaf/projectC/build/CMakeFiles/CMakeTmp'
Building C object CMakeFiles/cmTC_08708.dir/CheckSymbolExists.c.o
/usr/bin/cc    -o CMakeFiles/cmTC_08708.dir/CheckSymbolExists.c.o   -c /home/afaf/projectC/build/CMakeFiles/CMakeTmp/CheckSymbolExists.c
Linking C executable cmTC_08708
/usr/bin/cmake -E cmake_link_script CMakeFiles/cmTC_08708.dir/link.txt --verbose=1
/usr/bin/cc      CMakeFiles/cmTC_08708.dir/CheckSymbolExists.c.o  -o cmTC_08708 
CMakeFiles/cmTC_08708.dir/CheckSymbolExists.c.o: In function `main':
CheckSymbolExists.c:(.text+0x1b): undefined reference to `pthread_create'
collect2: error: ld returned 1 exit status
CMakeFiles/cmTC_08708.dir/build.make:97: recipe for target 'cmTC_08708' failed
make[2]: *** [cmTC_08708] Error 1
make[2]: Leaving directory '/home/afaf/projectC/build/CMakeFiles/CMakeTmp'
Makefile:126: recipe for target 'cmTC_08708/fast' failed
make[1]: *** [cmTC_08708/fast] Error 2
make[1]: Leaving directory '/home/afaf/projectC/build/CMakeFiles/CMakeTmp'

File /home/afaf/projectC/build/CMakeFiles/CMakeTmp/CheckSymbolExists.c:
/* */
#include <pthread.h>

int main(int argc, char** argv)
{
  (void)argv;
#ifndef pthread_create
  return ((int*)(&pthread_create))[argc];
#else
  (void)argc;
  return 0;
#endif
}

Determining if the function pthread_create exists in the pthreads failed with the following output:
Change Dir: /home/afaf/projectC/build/CMakeFiles/CMakeTmp

Run Build Command:"/usr/bin/make" "cmTC_2848d/fast"
make[1]: Entering directory '/home/afaf/projectC/build/CMakeFiles/CMakeTmp'
/usr/bin/make -f CMakeFiles/cmTC_2848d.dir/build.make CMakeFiles/cmTC_2848d.dir/build
make[2]: Entering directory '/home/afaf/projectC/build/CMakeFiles/CMakeTmp'
Building C object CMakeFiles/cmTC_2848d.dir/CheckFunctionExists.c.o
/usr/bin/cc   -DCHECK_FUNCTION_EXISTS=pthread_create   -o CMakeFiles/cmTC_2848d.dir/CheckFunctionExists.c.o   -c /usr/share/cmake-3.10/Modules/CheckFunctionExists.c
Linking C executable cmTC_2848d
/usr/bin/cmake -E cmake_link_script CMakeFiles/cmTC_2848d.dir/link.txt --verbose=1
/usr/bin/cc  -DCHECK_FUNCTION_EXISTS=pthread_create    CMakeFiles/cmTC_2848d.dir/CheckFunctionExists.c.o  -o cmTC_2848d -lpthreads 
/usr/bin/ld: cannot find -lpthreads
collect2: error: ld returned 1 exit status
CMakeFiles/cmTC_2848d.dir/build.make:97: recipe for target 'cmTC_2848d' failed
make[2]: *** [cmTC_2848d] Error 1
make[2]: Leaving directory '/home/afaf/projectC/build/CMakeFiles/CMakeTmp'
Makefile:126: recipe for target 'cmTC_2848d/fast' failed
make[1]: *** [cmTC_2848d/fast] Error 2
make[1]: Leaving directory '/home/afaf/projectC/build/CMakeFiles/CMakeTmp'


